[ 2015-06-16T22:29:50+08:00 ] ::1 /Mr.Pan/
INFO: [ app_init ] --START--
INFO: Run Behavior\BuildLiteBehavior [ RunTime:0.000041s ]
INFO: [ app_init ] --END-- [ RunTime:0.008030s ]
INFO: [ app_begin ] --START--
INFO: Run Behavior\ReadHtmlCacheBehavior [ RunTime:0.008254s ]
INFO: [ app_begin ] --END-- [ RunTime:0.008406s ]
SQL: SHOW COLUMNS FROM `info_comment` [ RunTime:0.0303s ]
SQL: SELECT * FROM `info_comment` ORDER BY comment_time desc LIMIT 30   [ RunTime:0.0036s ]
SQL: SHOW COLUMNS FROM `info_user` [ RunTime:0.0164s ]
SQL: SELECT `user_name` FROM `info_user` WHERE ( user_id='1' ) LIMIT 1   [ RunTime:0.0048s ]
SQL: SHOW COLUMNS FROM `info_teacher` [ RunTime:0.0106s ]
SQL: SELECT `teacher_name` FROM `info_teacher` WHERE ( teacher_id='1' ) LIMIT 1   [ RunTime:0.0003s ]
SQL: SHOW COLUMNS FROM `info_course` [ RunTime:0.0109s ]
SQL: SELECT `course_name` FROM `info_course` WHERE ( course_id='1' ) LIMIT 1   [ RunTime:0.0003s ]
SQL: SHOW COLUMNS FROM `info_school` [ RunTime:0.0114s ]
SQL: SELECT `school_name` FROM `info_school` WHERE ( school_id='3' ) LIMIT 1   [ RunTime:0.0003s ]
SQL: SHOW COLUMNS FROM `info_college` [ RunTime:0.0085s ]
SQL: SELECT `college_name` FROM `info_college` WHERE ( college_id='1' ) LIMIT 1   [ RunTime:0.0003s ]
SQL: SELECT `user_name` FROM `info_user` WHERE ( user_id='2' ) LIMIT 1   [ RunTime:0.0002s ]
SQL: SELECT `teacher_name` FROM `info_teacher` WHERE ( teacher_id='1' ) LIMIT 1   [ RunTime:0.0002s ]
SQL: SELECT `course_name` FROM `info_course` WHERE ( course_id='1' ) LIMIT 1   [ RunTime:0.0002s ]
SQL: SELECT `school_name` FROM `info_school` WHERE ( school_id='3' ) LIMIT 1   [ RunTime:0.0002s ]
SQL: SELECT `college_name` FROM `info_college` WHERE ( college_id='1' ) LIMIT 1   [ RunTime:0.0001s ]
SQL: SELECT `user_name` FROM `info_user` WHERE ( user_id='1' ) LIMIT 1   [ RunTime:0.0001s ]
SQL: SELECT `teacher_name` FROM `info_teacher` WHERE ( teacher_id='1' ) LIMIT 1   [ RunTime:0.0002s ]
SQL: SELECT `course_name` FROM `info_course` WHERE ( course_id='1' ) LIMIT 1   [ RunTime:0.0002s ]
SQL: SELECT `school_name` FROM `info_school` WHERE ( school_id='3' ) LIMIT 1   [ RunTime:0.0002s ]
SQL: SELECT `college_name` FROM `info_college` WHERE ( college_id='1' ) LIMIT 1   [ RunTime:0.0002s ]
SQL: SELECT `user_name` FROM `info_user` WHERE ( user_id='2' ) LIMIT 1   [ RunTime:0.0002s ]
SQL: SELECT `teacher_name` FROM `info_teacher` WHERE ( teacher_id='1' ) LIMIT 1   [ RunTime:0.0002s ]
SQL: SELECT `course_name` FROM `info_course` WHERE ( course_id='1' ) LIMIT 1   [ RunTime:0.0002s ]
SQL: SELECT `school_name` FROM `info_school` WHERE ( school_id='3' ) LIMIT 1   [ RunTime:0.0001s ]
SQL: SELECT `college_name` FROM `info_college` WHERE ( college_id='1' ) LIMIT 1   [ RunTime:0.0001s ]
SQL: SELECT `user_name` FROM `info_user` WHERE ( user_id='2' ) LIMIT 1   [ RunTime:0.0001s ]
SQL: SELECT `teacher_name` FROM `info_teacher` WHERE ( teacher_id='2' ) LIMIT 1   [ RunTime:0.0001s ]
SQL: SELECT `course_name` FROM `info_course` WHERE ( course_id='1' ) LIMIT 1   [ RunTime:0.0001s ]
SQL: SELECT `school_name` FROM `info_school` WHERE ( school_id='3' ) LIMIT 1   [ RunTime:0.0001s ]
SQL: SELECT `college_name` FROM `info_college` WHERE ( college_id='1' ) LIMIT 1   [ RunTime:0.0001s ]
SQL: SELECT `user_name` FROM `info_user` WHERE ( user_id='1' ) LIMIT 1   [ RunTime:0.0001s ]
SQL: SELECT `teacher_name` FROM `info_teacher` WHERE ( teacher_id='2' ) LIMIT 1   [ RunTime:0.0001s ]
SQL: SELECT `course_name` FROM `info_course` WHERE ( course_id='1' ) LIMIT 1   [ RunTime:0.0002s ]
SQL: SELECT `school_name` FROM `info_school` WHERE ( school_id='3' ) LIMIT 1   [ RunTime:0.0001s ]
SQL: SELECT `college_name` FROM `info_college` WHERE ( college_id='1' ) LIMIT 1   [ RunTime:0.0001s ]
SQL: SELECT `user_name` FROM `info_user` WHERE ( user_id='1' ) LIMIT 1   [ RunTime:0.0001s ]
SQL: SELECT `teacher_name` FROM `info_teacher` WHERE ( teacher_id='2' ) LIMIT 1   [ RunTime:0.0001s ]
SQL: SELECT `course_name` FROM `info_course` WHERE ( course_id='1' ) LIMIT 1   [ RunTime:0.0001s ]
SQL: SELECT `school_name` FROM `info_school` WHERE ( school_id='3' ) LIMIT 1   [ RunTime:0.0001s ]
SQL: SELECT `college_name` FROM `info_college` WHERE ( college_id='1' ) LIMIT 1   [ RunTime:0.0001s ]
SQL: SELECT `user_name` FROM `info_user` WHERE ( user_id='2' ) LIMIT 1   [ RunTime:0.0001s ]
SQL: SELECT `teacher_name` FROM `info_teacher` WHERE ( teacher_id='2' ) LIMIT 1   [ RunTime:0.0001s ]
SQL: SELECT `course_name` FROM `info_course` WHERE ( course_id='2' ) LIMIT 1   [ RunTime:0.0001s ]
SQL: SELECT `school_name` FROM `info_school` WHERE ( school_id='3' ) LIMIT 1   [ RunTime:0.0001s ]
SQL: SELECT `college_name` FROM `info_college` WHERE ( college_id='1' ) LIMIT 1   [ RunTime:0.0001s ]
SQL: SHOW COLUMNS FROM `info_school` [ RunTime:0.0024s ]
SQL: SELECT `school_id`,`school_name` FROM `info_school`  [ RunTime:0.0002s ]
INFO: [ view_parse ] --START--
INFO: [ template_filter ] --START--
INFO: Run Behavior\ContentReplaceBehavior [ RunTime:0.000078s ]
INFO: [ template_filter ] --END-- [ RunTime:0.000144s ]
NOTIC: [8] Undefined index: user_name E:\xampp\htdocs\Mr.Pan\Application\Common\Common\function.php 第 8 行.
INFO: Run Behavior\ParseTemplateBehavior [ RunTime:0.076257s ]
INFO: [ view_parse ] --END-- [ RunTime:0.076332s ]
INFO: [ view_filter ] --START--
INFO: Run Behavior\WriteHtmlCacheBehavior [ RunTime:0.004424s ]
INFO: [ view_filter ] --END-- [ RunTime:0.004477s ]
INFO: [ app_end ] --START--
INFO: Run Behavior\ShowPageTraceBehavior [ RunTime:0.031503s ]
INFO: [ app_end ] --END-- [ RunTime:0.031598s ]

[ 2015-06-16T22:29:53+08:00 ] ::1 /Mr.Pan/index.php/Home/User/login.html
INFO: [ app_init ] --START--
INFO: Run Behavior\BuildLiteBehavior [ RunTime:0.000012s ]
INFO: [ app_init ] --END-- [ RunTime:0.000355s ]
INFO: [ app_begin ] --START--
INFO: Run Behavior\ReadHtmlCacheBehavior [ RunTime:0.000470s ]
INFO: [ app_begin ] --END-- [ RunTime:0.000526s ]
INFO: [ view_parse ] --START--
INFO: [ template_filter ] --START--
INFO: Run Behavior\ContentReplaceBehavior [ RunTime:0.000069s ]
INFO: [ template_filter ] --END-- [ RunTime:0.000145s ]
INFO: Run Behavior\ParseTemplateBehavior [ RunTime:0.018170s ]
INFO: [ view_parse ] --END-- [ RunTime:0.018256s ]
INFO: [ view_filter ] --START--
INFO: Run Behavior\WriteHtmlCacheBehavior [ RunTime:0.000289s ]
INFO: [ view_filter ] --END-- [ RunTime:0.000338s ]
INFO: [ app_end ] --START--
INFO: Run Behavior\ShowPageTraceBehavior [ RunTime:0.000477s ]
INFO: [ app_end ] --END-- [ RunTime:0.000514s ]

[ 2015-06-16T22:29:59+08:00 ] ::1 /Mr.Pan/index.php/Home/User/login.html
INFO: [ app_init ] --START--
INFO: Run Behavior\BuildLiteBehavior [ RunTime:0.000020s ]
INFO: [ app_init ] --END-- [ RunTime:0.000507s ]
INFO: [ app_begin ] --START--
INFO: Run Behavior\ReadHtmlCacheBehavior [ RunTime:0.000894s ]
INFO: [ app_begin ] --END-- [ RunTime:0.001040s ]
SQL: SHOW COLUMNS FROM `info_user` [ RunTime:0.0065s ]
SQL: SELECT * FROM `info_user` WHERE ( user_email='123@qq.com' ) LIMIT 1   [ RunTime:0.0002s ]
INFO: [ view_parse ] --START--
INFO: [ template_filter ] --START--
INFO: Run Behavior\ContentReplaceBehavior [ RunTime:0.000036s ]
INFO: [ template_filter ] --END-- [ RunTime:0.000096s ]
INFO: Run Behavior\ParseTemplateBehavior [ RunTime:0.021681s ]
INFO: [ view_parse ] --END-- [ RunTime:0.021775s ]
INFO: [ view_filter ] --START--
INFO: Run Behavior\WriteHtmlCacheBehavior [ RunTime:0.000249s ]
INFO: [ view_filter ] --END-- [ RunTime:0.000302s ]
INFO: [ app_end ] --START--
INFO: Run Behavior\ShowPageTraceBehavior [ RunTime:0.000692s ]
INFO: [ app_end ] --END-- [ RunTime:0.000752s ]

[ 2015-06-16T22:30:01+08:00 ] ::1 /Mr.Pan/index.php/Home/Index/index.html
INFO: [ app_init ] --START--
INFO: Run Behavior\BuildLiteBehavior [ RunTime:0.000028s ]
INFO: [ app_init ] --END-- [ RunTime:0.000700s ]
INFO: [ app_begin ] --START--
INFO: Run Behavior\ReadHtmlCacheBehavior [ RunTime:0.000600s ]
INFO: [ app_begin ] --END-- [ RunTime:0.000698s ]
SQL: SHOW COLUMNS FROM `info_comment` [ RunTime:0.0065s ]
SQL: SELECT * FROM `info_comment` ORDER BY comment_time desc LIMIT 30   [ RunTime:0.0004s ]
SQL: SHOW COLUMNS FROM `info_user` [ RunTime:0.0064s ]
SQL: SELECT `user_name` FROM `info_user` WHERE ( user_id='1' ) LIMIT 1   [ RunTime:0.0003s ]
SQL: SHOW COLUMNS FROM `info_teacher` [ RunTime:0.0072s ]
SQL: SELECT `teacher_name` FROM `info_teacher` WHERE ( teacher_id='1' ) LIMIT 1   [ RunTime:0.0003s ]
SQL: SHOW COLUMNS FROM `info_course` [ RunTime:0.0054s ]
SQL: SELECT `course_name` FROM `info_course` WHERE ( course_id='1' ) LIMIT 1   [ RunTime:0.0003s ]
SQL: SHOW COLUMNS FROM `info_school` [ RunTime:0.0040s ]
SQL: SELECT `school_name` FROM `info_school` WHERE ( school_id='3' ) LIMIT 1   [ RunTime:0.0003s ]
SQL: SHOW COLUMNS FROM `info_college` [ RunTime:0.0026s ]
SQL: SELECT `college_name` FROM `info_college` WHERE ( college_id='1' ) LIMIT 1   [ RunTime:0.0002s ]
SQL: SELECT `user_name` FROM `info_user` WHERE ( user_id='2' ) LIMIT 1   [ RunTime:0.0002s ]
SQL: SELECT `teacher_name` FROM `info_teacher` WHERE ( teacher_id='1' ) LIMIT 1   [ RunTime:0.0002s ]
SQL: SELECT `course_name` FROM `info_course` WHERE ( course_id='1' ) LIMIT 1   [ RunTime:0.0002s ]
SQL: SELECT `school_name` FROM `info_school` WHERE ( school_id='3' ) LIMIT 1   [ RunTime:0.0002s ]
SQL: SELECT `college_name` FROM `info_college` WHERE ( college_id='1' ) LIMIT 1   [ RunTime:0.0001s ]
SQL: SELECT `user_name` FROM `info_user` WHERE ( user_id='1' ) LIMIT 1   [ RunTime:0.0001s ]
SQL: SELECT `teacher_name` FROM `info_teacher` WHERE ( teacher_id='1' ) LIMIT 1   [ RunTime:0.0002s ]
SQL: SELECT `course_name` FROM `info_course` WHERE ( course_id='1' ) LIMIT 1   [ RunTime:0.0001s ]
SQL: SELECT `school_name` FROM `info_school` WHERE ( school_id='3' ) LIMIT 1   [ RunTime:0.0002s ]
SQL: SELECT `college_name` FROM `info_college` WHERE ( college_id='1' ) LIMIT 1   [ RunTime:0.0003s ]
SQL: SELECT `user_name` FROM `info_user` WHERE ( user_id='2' ) LIMIT 1   [ RunTime:0.0001s ]
SQL: SELECT `teacher_name` FROM `info_teacher` WHERE ( teacher_id='1' ) LIMIT 1   [ RunTime:0.0002s ]
SQL: SELECT `course_name` FROM `info_course` WHERE ( course_id='1' ) LIMIT 1   [ RunTime:0.0001s ]
SQL: SELECT `school_name` FROM `info_school` WHERE ( school_id='3' ) LIMIT 1   [ RunTime:0.0001s ]
SQL: SELECT `college_name` FROM `info_college` WHERE ( college_id='1' ) LIMIT 1   [ RunTime:0.0001s ]
SQL: SELECT `user_name` FROM `info_user` WHERE ( user_id='2' ) LIMIT 1   [ RunTime:0.0002s ]
SQL: SELECT `teacher_name` FROM `info_teacher` WHERE ( teacher_id='2' ) LIMIT 1   [ RunTime:0.0002s ]
SQL: SELECT `course_name` FROM `info_course` WHERE ( course_id='1' ) LIMIT 1   [ RunTime:0.0002s ]
SQL: SELECT `school_name` FROM `info_school` WHERE ( school_id='3' ) LIMIT 1   [ RunTime:0.0001s ]
SQL: SELECT `college_name` FROM `info_college` WHERE ( college_id='1' ) LIMIT 1   [ RunTime:0.0001s ]
SQL: SELECT `user_name` FROM `info_user` WHERE ( user_id='1' ) LIMIT 1   [ RunTime:0.0001s ]
SQL: SELECT `teacher_name` FROM `info_teacher` WHERE ( teacher_id='2' ) LIMIT 1   [ RunTime:0.0001s ]
SQL: SELECT `course_name` FROM `info_course` WHERE ( course_id='1' ) LIMIT 1   [ RunTime:0.0001s ]
SQL: SELECT `school_name` FROM `info_school` WHERE ( school_id='3' ) LIMIT 1   [ RunTime:0.0001s ]
SQL: SELECT `college_name` FROM `info_college` WHERE ( college_id='1' ) LIMIT 1   [ RunTime:0.0001s ]
SQL: SELECT `user_name` FROM `info_user` WHERE ( user_id='1' ) LIMIT 1   [ RunTime:0.0001s ]
SQL: SELECT `teacher_name` FROM `info_teacher` WHERE ( teacher_id='2' ) LIMIT 1   [ RunTime:0.0001s ]
SQL: SELECT `course_name` FROM `info_course` WHERE ( course_id='1' ) LIMIT 1   [ RunTime:0.0001s ]
SQL: SELECT `school_name` FROM `info_school` WHERE ( school_id='3' ) LIMIT 1   [ RunTime:0.0001s ]
SQL: SELECT `college_name` FROM `info_college` WHERE ( college_id='1' ) LIMIT 1   [ RunTime:0.0001s ]
SQL: SELECT `user_name` FROM `info_user` WHERE ( user_id='2' ) LIMIT 1   [ RunTime:0.0001s ]
SQL: SELECT `teacher_name` FROM `info_teacher` WHERE ( teacher_id='2' ) LIMIT 1   [ RunTime:0.0001s ]
SQL: SELECT `course_name` FROM `info_course` WHERE ( course_id='2' ) LIMIT 1   [ RunTime:0.0001s ]
SQL: SELECT `school_name` FROM `info_school` WHERE ( school_id='3' ) LIMIT 1   [ RunTime:0.0001s ]
SQL: SELECT `college_name` FROM `info_college` WHERE ( college_id='1' ) LIMIT 1   [ RunTime:0.0001s ]
SQL: SHOW COLUMNS FROM `info_school` [ RunTime:0.0021s ]
SQL: SELECT `school_id`,`school_name` FROM `info_school`  [ RunTime:0.0002s ]
INFO: [ view_parse ] --START--
INFO: [ template_filter ] --START--
INFO: Run Behavior\ContentReplaceBehavior [ RunTime:0.000075s ]
INFO: [ template_filter ] --END-- [ RunTime:0.000129s ]
INFO: Run Behavior\ParseTemplateBehavior [ RunTime:0.008237s ]
INFO: [ view_parse ] --END-- [ RunTime:0.008307s ]
INFO: [ view_filter ] --START--
INFO: Run Behavior\WriteHtmlCacheBehavior [ RunTime:0.000223s ]
INFO: [ view_filter ] --END-- [ RunTime:0.000261s ]
INFO: [ app_end ] --START--
INFO: Run Behavior\ShowPageTraceBehavior [ RunTime:0.000601s ]
INFO: [ app_end ] --END-- [ RunTime:0.000668s ]

[ 2015-06-16T22:30:04+08:00 ] ::1 /Mr.Pan/index.php/Home/Index/index?action=a&school_id=3
INFO: [ app_init ] --START--
INFO: Run Behavior\BuildLiteBehavior [ RunTime:0.000027s ]
INFO: [ app_init ] --END-- [ RunTime:0.000753s ]
INFO: [ app_begin ] --START--
INFO: Run Behavior\ReadHtmlCacheBehavior [ RunTime:0.000636s ]
INFO: [ app_begin ] --END-- [ RunTime:0.000710s ]
SQL: SHOW COLUMNS FROM `info_comment` [ RunTime:0.0077s ]
SQL: SELECT * FROM `info_comment` ORDER BY comment_time desc LIMIT 30   [ RunTime:0.0004s ]
SQL: SHOW COLUMNS FROM `info_user` [ RunTime:0.0053s ]
SQL: SELECT `user_name` FROM `info_user` WHERE ( user_id='1' ) LIMIT 1   [ RunTime:0.0003s ]
SQL: SHOW COLUMNS FROM `info_teacher` [ RunTime:0.0048s ]
SQL: SELECT `teacher_name` FROM `info_teacher` WHERE ( teacher_id='1' ) LIMIT 1   [ RunTime:0.0003s ]
SQL: SHOW COLUMNS FROM `info_course` [ RunTime:0.0055s ]
SQL: SELECT `course_name` FROM `info_course` WHERE ( course_id='1' ) LIMIT 1   [ RunTime:0.0002s ]
SQL: SHOW COLUMNS FROM `info_school` [ RunTime:0.0046s ]
SQL: SELECT `school_name` FROM `info_school` WHERE ( school_id='3' ) LIMIT 1   [ RunTime:0.0002s ]
SQL: SHOW COLUMNS FROM `info_college` [ RunTime:0.0021s ]
SQL: SELECT `college_name` FROM `info_college` WHERE ( college_id='1' ) LIMIT 1   [ RunTime:0.0002s ]
SQL: SELECT `user_name` FROM `info_user` WHERE ( user_id='2' ) LIMIT 1   [ RunTime:0.0001s ]
SQL: SELECT `teacher_name` FROM `info_teacher` WHERE ( teacher_id='1' ) LIMIT 1   [ RunTime:0.0001s ]
SQL: SELECT `course_name` FROM `info_course` WHERE ( course_id='1' ) LIMIT 1   [ RunTime:0.0001s ]
SQL: SELECT `school_name` FROM `info_school` WHERE ( school_id='3' ) LIMIT 1   [ RunTime:0.0001s ]
SQL: SELECT `college_name` FROM `info_college` WHERE ( college_id='1' ) LIMIT 1   [ RunTime:0.0002s ]
SQL: SELECT `user_name` FROM `info_user` WHERE ( user_id='1' ) LIMIT 1   [ RunTime:0.0002s ]
SQL: SELECT `teacher_name` FROM `info_teacher` WHERE ( teacher_id='1' ) LIMIT 1   [ RunTime:0.0001s ]
SQL: SELECT `course_name` FROM `info_course` WHERE ( course_id='1' ) LIMIT 1   [ RunTime:0.0001s ]
SQL: SELECT `school_name` FROM `info_school` WHERE ( school_id='3' ) LIMIT 1   [ RunTime:0.0001s ]
SQL: SELECT `college_name` FROM `info_college` WHERE ( college_id='1' ) LIMIT 1   [ RunTime:0.0001s ]
SQL: SELECT `user_name` FROM `info_user` WHERE ( user_id='2' ) LIMIT 1   [ RunTime:0.0001s ]
SQL: SELECT `teacher_name` FROM `info_teacher` WHERE ( teacher_id='1' ) LIMIT 1   [ RunTime:0.0001s ]
SQL: SELECT `course_name` FROM `info_course` WHERE ( course_id='1' ) LIMIT 1   [ RunTime:0.0001s ]
SQL: SELECT `school_name` FROM `info_school` WHERE ( school_id='3' ) LIMIT 1   [ RunTime:0.0001s ]
SQL: SELECT `college_name` FROM `info_college` WHERE ( college_id='1' ) LIMIT 1   [ RunTime:0.0001s ]
SQL: SELECT `user_name` FROM `info_user` WHERE ( user_id='2' ) LIMIT 1   [ RunTime:0.0001s ]
SQL: SELECT `teacher_name` FROM `info_teacher` WHERE ( teacher_id='2' ) LIMIT 1   [ RunTime:0.0001s ]
SQL: SELECT `course_name` FROM `info_course` WHERE ( course_id='1' ) LIMIT 1   [ RunTime:0.0001s ]
SQL: SELECT `school_name` FROM `info_school` WHERE ( school_id='3' ) LIMIT 1   [ RunTime:0.0001s ]
SQL: SELECT `college_name` FROM `info_college` WHERE ( college_id='1' ) LIMIT 1   [ RunTime:0.0001s ]
SQL: SELECT `user_name` FROM `info_user` WHERE ( user_id='1' ) LIMIT 1   [ RunTime:0.0001s ]
SQL: SELECT `teacher_name` FROM `info_teacher` WHERE ( teacher_id='2' ) LIMIT 1   [ RunTime:0.0001s ]
SQL: SELECT `course_name` FROM `info_course` WHERE ( course_id='1' ) LIMIT 1   [ RunTime:0.0001s ]
SQL: SELECT `school_name` FROM `info_school` WHERE ( school_id='3' ) LIMIT 1   [ RunTime:0.0001s ]
SQL: SELECT `college_name` FROM `info_college` WHERE ( college_id='1' ) LIMIT 1   [ RunTime:0.0001s ]
SQL: SELECT `user_name` FROM `info_user` WHERE ( user_id='1' ) LIMIT 1   [ RunTime:0.0001s ]
SQL: SELECT `teacher_name` FROM `info_teacher` WHERE ( teacher_id='2' ) LIMIT 1   [ RunTime:0.0001s ]
SQL: SELECT `course_name` FROM `info_course` WHERE ( course_id='1' ) LIMIT 1   [ RunTime:0.0001s ]
SQL: SELECT `school_name` FROM `info_school` WHERE ( school_id='3' ) LIMIT 1   [ RunTime:0.0001s ]
SQL: SELECT `college_name` FROM `info_college` WHERE ( college_id='1' ) LIMIT 1   [ RunTime:0.0001s ]
SQL: SELECT `user_name` FROM `info_user` WHERE ( user_id='2' ) LIMIT 1   [ RunTime:0.0001s ]
SQL: SELECT `teacher_name` FROM `info_teacher` WHERE ( teacher_id='2' ) LIMIT 1   [ RunTime:0.0001s ]
SQL: SELECT `course_name` FROM `info_course` WHERE ( course_id='2' ) LIMIT 1   [ RunTime:0.0001s ]
SQL: SELECT `school_name` FROM `info_school` WHERE ( school_id='3' ) LIMIT 1   [ RunTime:0.0001s ]
SQL: SELECT `college_name` FROM `info_college` WHERE ( college_id='1' ) LIMIT 1   [ RunTime:0.0001s ]
SQL: SHOW COLUMNS FROM `info_school` [ RunTime:0.0031s ]
SQL: SELECT * FROM `info_school` WHERE ( school_id='3' ) LIMIT 1   [ RunTime:0.0002s ]
SQL: SELECT `college_name` FROM `info_college` WHERE ( college_id='1' ) LIMIT 1   [ RunTime:0.0001s ]
SQL: SELECT `college_name` FROM `info_college` WHERE ( college_id='2' ) LIMIT 1   [ RunTime:0.0001s ]
SQL: SELECT `college_name` FROM `info_college` WHERE ( college_id='3' ) LIMIT 1   [ RunTime:0.0001s ]
SQL: SELECT `college_name` FROM `info_college` WHERE ( college_id='4' ) LIMIT 1   [ RunTime:0.0001s ]
SQL: SELECT `college_name` FROM `info_college` WHERE ( college_id='5' ) LIMIT 1   [ RunTime:0.0001s ]

[ 2015-06-16T22:30:06+08:00 ] ::1 /Mr.Pan/index.php/Home/Index/index?action=b&school_id=3&college_id=1
INFO: [ app_init ] --START--
INFO: Run Behavior\BuildLiteBehavior [ RunTime:0.000020s ]
INFO: [ app_init ] --END-- [ RunTime:0.000343s ]
INFO: [ app_begin ] --START--
INFO: Run Behavior\ReadHtmlCacheBehavior [ RunTime:0.000435s ]
INFO: [ app_begin ] --END-- [ RunTime:0.000484s ]
SQL: SHOW COLUMNS FROM `info_comment` [ RunTime:0.0085s ]
SQL: SELECT * FROM `info_comment` ORDER BY comment_time desc LIMIT 30   [ RunTime:0.0003s ]
SQL: SHOW COLUMNS FROM `info_user` [ RunTime:0.0047s ]
SQL: SELECT `user_name` FROM `info_user` WHERE ( user_id='1' ) LIMIT 1   [ RunTime:0.0002s ]
SQL: SHOW COLUMNS FROM `info_teacher` [ RunTime:0.0061s ]
SQL: SELECT `teacher_name` FROM `info_teacher` WHERE ( teacher_id='1' ) LIMIT 1   [ RunTime:0.0003s ]
SQL: SHOW COLUMNS FROM `info_course` [ RunTime:0.0053s ]
SQL: SELECT `course_name` FROM `info_course` WHERE ( course_id='1' ) LIMIT 1   [ RunTime:0.0002s ]
SQL: SHOW COLUMNS FROM `info_school` [ RunTime:0.0039s ]
SQL: SELECT `school_name` FROM `info_school` WHERE ( school_id='3' ) LIMIT 1   [ RunTime:0.0002s ]
SQL: SHOW COLUMNS FROM `info_college` [ RunTime:0.0020s ]
SQL: SELECT `college_name` FROM `info_college` WHERE ( college_id='1' ) LIMIT 1   [ RunTime:0.0002s ]
SQL: SELECT `user_name` FROM `info_user` WHERE ( user_id='2' ) LIMIT 1   [ RunTime:0.0002s ]
SQL: SELECT `teacher_name` FROM `info_teacher` WHERE ( teacher_id='1' ) LIMIT 1   [ RunTime:0.0002s ]
SQL: SELECT `course_name` FROM `info_course` WHERE ( course_id='1' ) LIMIT 1   [ RunTime:0.0002s ]
SQL: SELECT `school_name` FROM `info_school` WHERE ( school_id='3' ) LIMIT 1   [ RunTime:0.0001s ]
SQL: SELECT `college_name` FROM `info_college` WHERE ( college_id='1' ) LIMIT 1   [ RunTime:0.0001s ]
SQL: SELECT `user_name` FROM `info_user` WHERE ( user_id='1' ) LIMIT 1   [ RunTime:0.0001s ]
SQL: SELECT `teacher_name` FROM `info_teacher` WHERE ( teacher_id='1' ) LIMIT 1   [ RunTime:0.0001s ]
SQL: SELECT `course_name` FROM `info_course` WHERE ( course_id='1' ) LIMIT 1   [ RunTime:0.0001s ]
SQL: SELECT `school_name` FROM `info_school` WHERE ( school_id='3' ) LIMIT 1   [ RunTime:0.0001s ]
SQL: SELECT `college_name` FROM `info_college` WHERE ( college_id='1' ) LIMIT 1   [ RunTime:0.0001s ]
SQL: SELECT `user_name` FROM `info_user` WHERE ( user_id='2' ) LIMIT 1   [ RunTime:0.0001s ]
SQL: SELECT `teacher_name` FROM `info_teacher` WHERE ( teacher_id='1' ) LIMIT 1   [ RunTime:0.0001s ]
SQL: SELECT `course_name` FROM `info_course` WHERE ( course_id='1' ) LIMIT 1   [ RunTime:0.0001s ]
SQL: SELECT `school_name` FROM `info_school` WHERE ( school_id='3' ) LIMIT 1   [ RunTime:0.0001s ]
SQL: SELECT `college_name` FROM `info_college` WHERE ( college_id='1' ) LIMIT 1   [ RunTime:0.0001s ]
SQL: SELECT `user_name` FROM `info_user` WHERE ( user_id='2' ) LIMIT 1   [ RunTime:0.0001s ]
SQL: SELECT `teacher_name` FROM `info_teacher` WHERE ( teacher_id='2' ) LIMIT 1   [ RunTime:0.0001s ]
SQL: SELECT `course_name` FROM `info_course` WHERE ( course_id='1' ) LIMIT 1   [ RunTime:0.0001s ]
SQL: SELECT `school_name` FROM `info_school` WHERE ( school_id='3' ) LIMIT 1   [ RunTime:0.0001s ]
SQL: SELECT `college_name` FROM `info_college` WHERE ( college_id='1' ) LIMIT 1   [ RunTime:0.0001s ]
SQL: SELECT `user_name` FROM `info_user` WHERE ( user_id='1' ) LIMIT 1   [ RunTime:0.0001s ]
SQL: SELECT `teacher_name` FROM `info_teacher` WHERE ( teacher_id='2' ) LIMIT 1   [ RunTime:0.0001s ]
SQL: SELECT `course_name` FROM `info_course` WHERE ( course_id='1' ) LIMIT 1   [ RunTime:0.0001s ]
SQL: SELECT `school_name` FROM `info_school` WHERE ( school_id='3' ) LIMIT 1   [ RunTime:0.0001s ]
SQL: SELECT `college_name` FROM `info_college` WHERE ( college_id='1' ) LIMIT 1   [ RunTime:0.0001s ]
SQL: SELECT `user_name` FROM `info_user` WHERE ( user_id='1' ) LIMIT 1   [ RunTime:0.0001s ]
SQL: SELECT `teacher_name` FROM `info_teacher` WHERE ( teacher_id='2' ) LIMIT 1   [ RunTime:0.0001s ]
SQL: SELECT `course_name` FROM `info_course` WHERE ( course_id='1' ) LIMIT 1   [ RunTime:0.0001s ]
SQL: SELECT `school_name` FROM `info_school` WHERE ( school_id='3' ) LIMIT 1   [ RunTime:0.0001s ]
SQL: SELECT `college_name` FROM `info_college` WHERE ( college_id='1' ) LIMIT 1   [ RunTime:0.0001s ]
SQL: SELECT `user_name` FROM `info_user` WHERE ( user_id='2' ) LIMIT 1   [ RunTime:0.0001s ]
SQL: SELECT `teacher_name` FROM `info_teacher` WHERE ( teacher_id='2' ) LIMIT 1   [ RunTime:0.0001s ]
SQL: SELECT `course_name` FROM `info_course` WHERE ( course_id='2' ) LIMIT 1   [ RunTime:0.0001s ]
SQL: SELECT `school_name` FROM `info_school` WHERE ( school_id='3' ) LIMIT 1   [ RunTime:0.0001s ]
SQL: SELECT `college_name` FROM `info_college` WHERE ( college_id='1' ) LIMIT 1   [ RunTime:0.0001s ]
SQL: SHOW COLUMNS FROM `info_teacher` [ RunTime:0.0022s ]
SQL: SELECT `teacher_id` FROM `info_teacher` WHERE ( school_id='3' AND college_id='1' )  [ RunTime:0.0002s ]
SQL: SELECT `teacher_name` FROM `info_teacher` WHERE ( teacher_id='1' ) LIMIT 1   [ RunTime:0.0002s ]
SQL: SELECT `teacher_name` FROM `info_teacher` WHERE ( teacher_id='2' ) LIMIT 1   [ RunTime:0.0001s ]
SQL: SELECT `teacher_name` FROM `info_teacher` WHERE ( teacher_id='6' ) LIMIT 1   [ RunTime:0.0002s ]

[ 2015-06-16T22:30:08+08:00 ] ::1 /Mr.Pan/index.php/Home/Index/index?action=c&school_id=3&college_id=1&teacher_id=1
INFO: [ app_init ] --START--
INFO: Run Behavior\BuildLiteBehavior [ RunTime:0.000014s ]
INFO: [ app_init ] --END-- [ RunTime:0.000371s ]
INFO: [ app_begin ] --START--
INFO: Run Behavior\ReadHtmlCacheBehavior [ RunTime:0.000397s ]
INFO: [ app_begin ] --END-- [ RunTime:0.000437s ]
SQL: SHOW COLUMNS FROM `info_comment` [ RunTime:0.0127s ]
SQL: SELECT * FROM `info_comment` ORDER BY comment_time desc LIMIT 30   [ RunTime:0.0007s ]
SQL: SHOW COLUMNS FROM `info_user` [ RunTime:0.0046s ]
SQL: SELECT `user_name` FROM `info_user` WHERE ( user_id='1' ) LIMIT 1   [ RunTime:0.0002s ]
SQL: SHOW COLUMNS FROM `info_teacher` [ RunTime:0.0040s ]
SQL: SELECT `teacher_name` FROM `info_teacher` WHERE ( teacher_id='1' ) LIMIT 1   [ RunTime:0.0002s ]
SQL: SHOW COLUMNS FROM `info_course` [ RunTime:0.0043s ]
SQL: SELECT `course_name` FROM `info_course` WHERE ( course_id='1' ) LIMIT 1   [ RunTime:0.0002s ]
SQL: SHOW COLUMNS FROM `info_school` [ RunTime:0.0039s ]
SQL: SELECT `school_name` FROM `info_school` WHERE ( school_id='3' ) LIMIT 1   [ RunTime:0.0002s ]
SQL: SHOW COLUMNS FROM `info_college` [ RunTime:0.0020s ]
SQL: SELECT `college_name` FROM `info_college` WHERE ( college_id='1' ) LIMIT 1   [ RunTime:0.0002s ]
SQL: SELECT `user_name` FROM `info_user` WHERE ( user_id='2' ) LIMIT 1   [ RunTime:0.0001s ]
SQL: SELECT `teacher_name` FROM `info_teacher` WHERE ( teacher_id='1' ) LIMIT 1   [ RunTime:0.0001s ]
SQL: SELECT `course_name` FROM `info_course` WHERE ( course_id='1' ) LIMIT 1   [ RunTime:0.0001s ]
SQL: SELECT `school_name` FROM `info_school` WHERE ( school_id='3' ) LIMIT 1   [ RunTime:0.0001s ]
SQL: SELECT `college_name` FROM `info_college` WHERE ( college_id='1' ) LIMIT 1   [ RunTime:0.0001s ]
SQL: SELECT `user_name` FROM `info_user` WHERE ( user_id='1' ) LIMIT 1   [ RunTime:0.0001s ]
SQL: SELECT `teacher_name` FROM `info_teacher` WHERE ( teacher_id='1' ) LIMIT 1   [ RunTime:0.0001s ]
SQL: SELECT `course_name` FROM `info_course` WHERE ( course_id='1' ) LIMIT 1   [ RunTime:0.0001s ]
SQL: SELECT `school_name` FROM `info_school` WHERE ( school_id='3' ) LIMIT 1   [ RunTime:0.0001s ]
SQL: SELECT `college_name` FROM `info_college` WHERE ( college_id='1' ) LIMIT 1   [ RunTime:0.0001s ]
SQL: SELECT `user_name` FROM `info_user` WHERE ( user_id='2' ) LIMIT 1   [ RunTime:0.0001s ]
SQL: SELECT `teacher_name` FROM `info_teacher` WHERE ( teacher_id='1' ) LIMIT 1   [ RunTime:0.0001s ]
SQL: SELECT `course_name` FROM `info_course` WHERE ( course_id='1' ) LIMIT 1   [ RunTime:0.0001s ]
SQL: SELECT `school_name` FROM `info_school` WHERE ( school_id='3' ) LIMIT 1   [ RunTime:0.0001s ]
SQL: SELECT `college_name` FROM `info_college` WHERE ( college_id='1' ) LIMIT 1   [ RunTime:0.0001s ]
SQL: SELECT `user_name` FROM `info_user` WHERE ( user_id='2' ) LIMIT 1   [ RunTime:0.0001s ]
SQL: SELECT `teacher_name` FROM `info_teacher` WHERE ( teacher_id='2' ) LIMIT 1   [ RunTime:0.0001s ]
SQL: SELECT `course_name` FROM `info_course` WHERE ( course_id='1' ) LIMIT 1   [ RunTime:0.0001s ]
SQL: SELECT `school_name` FROM `info_school` WHERE ( school_id='3' ) LIMIT 1   [ RunTime:0.0001s ]
SQL: SELECT `college_name` FROM `info_college` WHERE ( college_id='1' ) LIMIT 1   [ RunTime:0.0001s ]
SQL: SELECT `user_name` FROM `info_user` WHERE ( user_id='1' ) LIMIT 1   [ RunTime:0.0001s ]
SQL: SELECT `teacher_name` FROM `info_teacher` WHERE ( teacher_id='2' ) LIMIT 1   [ RunTime:0.0001s ]
SQL: SELECT `course_name` FROM `info_course` WHERE ( course_id='1' ) LIMIT 1   [ RunTime:0.0001s ]
SQL: SELECT `school_name` FROM `info_school` WHERE ( school_id='3' ) LIMIT 1   [ RunTime:0.0001s ]
SQL: SELECT `college_name` FROM `info_college` WHERE ( college_id='1' ) LIMIT 1   [ RunTime:0.0001s ]
SQL: SELECT `user_name` FROM `info_user` WHERE ( user_id='1' ) LIMIT 1   [ RunTime:0.0001s ]
SQL: SELECT `teacher_name` FROM `info_teacher` WHERE ( teacher_id='2' ) LIMIT 1   [ RunTime:0.0001s ]
SQL: SELECT `course_name` FROM `info_course` WHERE ( course_id='1' ) LIMIT 1   [ RunTime:0.0001s ]
SQL: SELECT `school_name` FROM `info_school` WHERE ( school_id='3' ) LIMIT 1   [ RunTime:0.0001s ]
SQL: SELECT `college_name` FROM `info_college` WHERE ( college_id='1' ) LIMIT 1   [ RunTime:0.0001s ]
SQL: SELECT `user_name` FROM `info_user` WHERE ( user_id='2' ) LIMIT 1   [ RunTime:0.0001s ]
SQL: SELECT `teacher_name` FROM `info_teacher` WHERE ( teacher_id='2' ) LIMIT 1   [ RunTime:0.0001s ]
SQL: SELECT `course_name` FROM `info_course` WHERE ( course_id='2' ) LIMIT 1   [ RunTime:0.0001s ]
SQL: SELECT `school_name` FROM `info_school` WHERE ( school_id='3' ) LIMIT 1   [ RunTime:0.0001s ]
SQL: SELECT `college_name` FROM `info_college` WHERE ( college_id='1' ) LIMIT 1   [ RunTime:0.0001s ]
SQL: SHOW COLUMNS FROM `info_teacher` [ RunTime:0.0025s ]
SQL: SELECT * FROM `info_teacher` WHERE ( school_id='3' AND college_id='1' AND teacher_id='1' ) LIMIT 1   [ RunTime:0.0003s ]
SQL: SELECT `course_name` FROM `info_course` WHERE ( course_id='1' ) LIMIT 1   [ RunTime:0.0002s ]
SQL: SELECT `course_name` FROM `info_course` WHERE ( course_id='2' ) LIMIT 1   [ RunTime:0.0001s ]
SQL: SELECT `course_name` FROM `info_course` WHERE ( course_id='3' ) LIMIT 1   [ RunTime:0.0001s ]

[ 2015-06-16T22:30:24+08:00 ] ::1 /Mr.Pan/index.php/Home/Index/index.html
INFO: [ app_init ] --START--
INFO: Run Behavior\BuildLiteBehavior [ RunTime:0.000029s ]
INFO: [ app_init ] --END-- [ RunTime:0.000652s ]
INFO: [ app_begin ] --START--
INFO: Run Behavior\ReadHtmlCacheBehavior [ RunTime:0.000627s ]
INFO: [ app_begin ] --END-- [ RunTime:0.000734s ]
SQL: SHOW COLUMNS FROM `info_comment` [ RunTime:0.0113s ]
SQL: SELECT * FROM `info_comment` ORDER BY comment_time desc LIMIT 30   [ RunTime:0.0004s ]
SQL: SHOW COLUMNS FROM `info_user` [ RunTime:0.0052s ]
SQL: SELECT `user_name` FROM `info_user` WHERE ( user_id='1' ) LIMIT 1   [ RunTime:0.0002s ]
SQL: SHOW COLUMNS FROM `info_teacher` [ RunTime:0.0126s ]
SQL: SELECT `teacher_name` FROM `info_teacher` WHERE ( teacher_id='1' ) LIMIT 1   [ RunTime:0.0002s ]
SQL: SHOW COLUMNS FROM `info_course` [ RunTime:0.0041s ]
SQL: SELECT `course_name` FROM `info_course` WHERE ( course_id='1' ) LIMIT 1   [ RunTime:0.0002s ]
SQL: SHOW COLUMNS FROM `info_school` [ RunTime:0.0064s ]
SQL: SELECT `school_name` FROM `info_school` WHERE ( school_id='3' ) LIMIT 1   [ RunTime:0.0003s ]
SQL: SHOW COLUMNS FROM `info_college` [ RunTime:0.0022s ]
SQL: SELECT `college_name` FROM `info_college` WHERE ( college_id='1' ) LIMIT 1   [ RunTime:0.0002s ]
SQL: SELECT `user_name` FROM `info_user` WHERE ( user_id='2' ) LIMIT 1   [ RunTime:0.0001s ]
SQL: SELECT `teacher_name` FROM `info_teacher` WHERE ( teacher_id='1' ) LIMIT 1   [ RunTime:0.0001s ]
SQL: SELECT `course_name` FROM `info_course` WHERE ( course_id='1' ) LIMIT 1   [ RunTime:0.0001s ]
SQL: SELECT `school_name` FROM `info_school` WHERE ( school_id='3' ) LIMIT 1   [ RunTime:0.0001s ]
SQL: SELECT `college_name` FROM `info_college` WHERE ( college_id='1' ) LIMIT 1   [ RunTime:0.0001s ]
SQL: SELECT `user_name` FROM `info_user` WHERE ( user_id='1' ) LIMIT 1   [ RunTime:0.0001s ]
SQL: SELECT `teacher_name` FROM `info_teacher` WHERE ( teacher_id='1' ) LIMIT 1   [ RunTime:0.0001s ]
SQL: SELECT `course_name` FROM `info_course` WHERE ( course_id='1' ) LIMIT 1   [ RunTime:0.0001s ]
SQL: SELECT `school_name` FROM `info_school` WHERE ( school_id='3' ) LIMIT 1   [ RunTime:0.0001s ]
SQL: SELECT `college_name` FROM `info_college` WHERE ( college_id='1' ) LIMIT 1   [ RunTime:0.0001s ]
SQL: SELECT `user_name` FROM `info_user` WHERE ( user_id='2' ) LIMIT 1   [ RunTime:0.0001s ]
SQL: SELECT `teacher_name` FROM `info_teacher` WHERE ( teacher_id='1' ) LIMIT 1   [ RunTime:0.0001s ]
SQL: SELECT `course_name` FROM `info_course` WHERE ( course_id='1' ) LIMIT 1   [ RunTime:0.0001s ]
SQL: SELECT `school_name` FROM `info_school` WHERE ( school_id='3' ) LIMIT 1   [ RunTime:0.0001s ]
SQL: SELECT `college_name` FROM `info_college` WHERE ( college_id='1' ) LIMIT 1   [ RunTime:0.0001s ]
SQL: SELECT `user_name` FROM `info_user` WHERE ( user_id='2' ) LIMIT 1   [ RunTime:0.0001s ]
SQL: SELECT `teacher_name` FROM `info_teacher` WHERE ( teacher_id='2' ) LIMIT 1   [ RunTime:0.0001s ]
SQL: SELECT `course_name` FROM `info_course` WHERE ( course_id='1' ) LIMIT 1   [ RunTime:0.0011s ]
SQL: SELECT `school_name` FROM `info_school` WHERE ( school_id='3' ) LIMIT 1   [ RunTime:0.0001s ]
SQL: SELECT `college_name` FROM `info_college` WHERE ( college_id='1' ) LIMIT 1   [ RunTime:0.0001s ]
SQL: SELECT `user_name` FROM `info_user` WHERE ( user_id='1' ) LIMIT 1   [ RunTime:0.0001s ]
SQL: SELECT `teacher_name` FROM `info_teacher` WHERE ( teacher_id='2' ) LIMIT 1   [ RunTime:0.0001s ]
SQL: SELECT `course_name` FROM `info_course` WHERE ( course_id='1' ) LIMIT 1   [ RunTime:0.0001s ]
SQL: SELECT `school_name` FROM `info_school` WHERE ( school_id='3' ) LIMIT 1   [ RunTime:0.0001s ]
SQL: SELECT `college_name` FROM `info_college` WHERE ( college_id='1' ) LIMIT 1   [ RunTime:0.0001s ]
SQL: SELECT `user_name` FROM `info_user` WHERE ( user_id='1' ) LIMIT 1   [ RunTime:0.0001s ]
SQL: SELECT `teacher_name` FROM `info_teacher` WHERE ( teacher_id='2' ) LIMIT 1   [ RunTime:0.0001s ]
SQL: SELECT `course_name` FROM `info_course` WHERE ( course_id='1' ) LIMIT 1   [ RunTime:0.0001s ]
SQL: SELECT `school_name` FROM `info_school` WHERE ( school_id='3' ) LIMIT 1   [ RunTime:0.0001s ]
SQL: SELECT `college_name` FROM `info_college` WHERE ( college_id='1' ) LIMIT 1   [ RunTime:0.0001s ]
SQL: SELECT `user_name` FROM `info_user` WHERE ( user_id='2' ) LIMIT 1   [ RunTime:0.0003s ]
SQL: SELECT `teacher_name` FROM `info_teacher` WHERE ( teacher_id='2' ) LIMIT 1   [ RunTime:0.0002s ]
SQL: SELECT `course_name` FROM `info_course` WHERE ( course_id='2' ) LIMIT 1   [ RunTime:0.0001s ]
SQL: SELECT `school_name` FROM `info_school` WHERE ( school_id='3' ) LIMIT 1   [ RunTime:0.0002s ]
SQL: SELECT `college_name` FROM `info_college` WHERE ( college_id='1' ) LIMIT 1   [ RunTime:0.0002s ]
SQL: INSERT INTO `info_comment` (`school_id`,`college_id`,`teacher_id`,`course_id`,`user_id`,`comment_content`) VALUES ('3','1','1','1','1','呵呵呵') [ RunTime:0.0075s ]
INFO: [ view_parse ] --START--
INFO: [ template_filter ] --START--
INFO: Run Behavior\ContentReplaceBehavior [ RunTime:0.000034s ]
INFO: [ template_filter ] --END-- [ RunTime:0.000078s ]
INFO: Run Behavior\ParseTemplateBehavior [ RunTime:0.004907s ]
INFO: [ view_parse ] --END-- [ RunTime:0.004974s ]
INFO: [ view_filter ] --START--
INFO: Run Behavior\WriteHtmlCacheBehavior [ RunTime:0.000251s ]
INFO: [ view_filter ] --END-- [ RunTime:0.000298s ]
INFO: [ app_end ] --START--
INFO: Run Behavior\ShowPageTraceBehavior [ RunTime:0.000418s ]
INFO: [ app_end ] --END-- [ RunTime:0.000460s ]

[ 2015-06-16T22:30:25+08:00 ] ::1 /Mr.Pan/index.php/Home/Index/index.html
INFO: [ app_init ] --START--
INFO: Run Behavior\BuildLiteBehavior [ RunTime:0.000012s ]
INFO: [ app_init ] --END-- [ RunTime:0.000307s ]
INFO: [ app_begin ] --START--
INFO: Run Behavior\ReadHtmlCacheBehavior [ RunTime:0.000389s ]
INFO: [ app_begin ] --END-- [ RunTime:0.000435s ]
SQL: SHOW COLUMNS FROM `info_comment` [ RunTime:0.0097s ]
SQL: SELECT * FROM `info_comment` ORDER BY comment_time desc LIMIT 30   [ RunTime:0.0003s ]
SQL: SHOW COLUMNS FROM `info_user` [ RunTime:0.0058s ]
SQL: SELECT `user_name` FROM `info_user` WHERE ( user_id='1' ) LIMIT 1   [ RunTime:0.0002s ]
SQL: SHOW COLUMNS FROM `info_teacher` [ RunTime:0.0051s ]
SQL: SELECT `teacher_name` FROM `info_teacher` WHERE ( teacher_id='1' ) LIMIT 1   [ RunTime:0.0002s ]
SQL: SHOW COLUMNS FROM `info_course` [ RunTime:0.0042s ]
SQL: SELECT `course_name` FROM `info_course` WHERE ( course_id='1' ) LIMIT 1   [ RunTime:0.0003s ]
SQL: SHOW COLUMNS FROM `info_school` [ RunTime:0.0045s ]
SQL: SELECT `school_name` FROM `info_school` WHERE ( school_id='3' ) LIMIT 1   [ RunTime:0.0002s ]
SQL: SHOW COLUMNS FROM `info_college` [ RunTime:0.0022s ]
SQL: SELECT `college_name` FROM `info_college` WHERE ( college_id='1' ) LIMIT 1   [ RunTime:0.0002s ]
SQL: SELECT `user_name` FROM `info_user` WHERE ( user_id='1' ) LIMIT 1   [ RunTime:0.0001s ]
SQL: SELECT `teacher_name` FROM `info_teacher` WHERE ( teacher_id='1' ) LIMIT 1   [ RunTime:0.0002s ]
SQL: SELECT `course_name` FROM `info_course` WHERE ( course_id='1' ) LIMIT 1   [ RunTime:0.0002s ]
SQL: SELECT `school_name` FROM `info_school` WHERE ( school_id='3' ) LIMIT 1   [ RunTime:0.0001s ]
SQL: SELECT `college_name` FROM `info_college` WHERE ( college_id='1' ) LIMIT 1   [ RunTime:0.0001s ]
SQL: SELECT `user_name` FROM `info_user` WHERE ( user_id='2' ) LIMIT 1   [ RunTime:0.0001s ]
SQL: SELECT `teacher_name` FROM `info_teacher` WHERE ( teacher_id='1' ) LIMIT 1   [ RunTime:0.0002s ]
SQL: SELECT `course_name` FROM `info_course` WHERE ( course_id='1' ) LIMIT 1   [ RunTime:0.0002s ]
SQL: SELECT `school_name` FROM `info_school` WHERE ( school_id='3' ) LIMIT 1   [ RunTime:0.0002s ]
SQL: SELECT `college_name` FROM `info_college` WHERE ( college_id='1' ) LIMIT 1   [ RunTime:0.0002s ]
SQL: SELECT `user_name` FROM `info_user` WHERE ( user_id='1' ) LIMIT 1   [ RunTime:0.0002s ]
SQL: SELECT `teacher_name` FROM `info_teacher` WHERE ( teacher_id='1' ) LIMIT 1   [ RunTime:0.0002s ]
SQL: SELECT `course_name` FROM `info_course` WHERE ( course_id='1' ) LIMIT 1   [ RunTime:0.0001s ]
SQL: SELECT `school_name` FROM `info_school` WHERE ( school_id='3' ) LIMIT 1   [ RunTime:0.0001s ]
SQL: SELECT `college_name` FROM `info_college` WHERE ( college_id='1' ) LIMIT 1   [ RunTime:0.0001s ]
SQL: SELECT `user_name` FROM `info_user` WHERE ( user_id='2' ) LIMIT 1   [ RunTime:0.0001s ]
SQL: SELECT `teacher_name` FROM `info_teacher` WHERE ( teacher_id='1' ) LIMIT 1   [ RunTime:0.0001s ]
SQL: SELECT `course_name` FROM `info_course` WHERE ( course_id='1' ) LIMIT 1   [ RunTime:0.0001s ]
SQL: SELECT `school_name` FROM `info_school` WHERE ( school_id='3' ) LIMIT 1   [ RunTime:0.0001s ]
SQL: SELECT `college_name` FROM `info_college` WHERE ( college_id='1' ) LIMIT 1   [ RunTime:0.0001s ]
SQL: SELECT `user_name` FROM `info_user` WHERE ( user_id='2' ) LIMIT 1   [ RunTime:0.0001s ]
SQL: SELECT `teacher_name` FROM `info_teacher` WHERE ( teacher_id='2' ) LIMIT 1   [ RunTime:0.0001s ]
SQL: SELECT `course_name` FROM `info_course` WHERE ( course_id='1' ) LIMIT 1   [ RunTime:0.0001s ]
SQL: SELECT `school_name` FROM `info_school` WHERE ( school_id='3' ) LIMIT 1   [ RunTime:0.0001s ]
SQL: SELECT `college_name` FROM `info_college` WHERE ( college_id='1' ) LIMIT 1   [ RunTime:0.0001s ]
SQL: SELECT `user_name` FROM `info_user` WHERE ( user_id='1' ) LIMIT 1   [ RunTime:0.0001s ]
SQL: SELECT `teacher_name` FROM `info_teacher` WHERE ( teacher_id='2' ) LIMIT 1   [ RunTime:0.0001s ]
SQL: SELECT `course_name` FROM `info_course` WHERE ( course_id='1' ) LIMIT 1   [ RunTime:0.0001s ]
SQL: SELECT `school_name` FROM `info_school` WHERE ( school_id='3' ) LIMIT 1   [ RunTime:0.0001s ]
SQL: SELECT `college_name` FROM `info_college` WHERE ( college_id='1' ) LIMIT 1   [ RunTime:0.0001s ]
SQL: SELECT `user_name` FROM `info_user` WHERE ( user_id='1' ) LIMIT 1   [ RunTime:0.0001s ]
SQL: SELECT `teacher_name` FROM `info_teacher` WHERE ( teacher_id='2' ) LIMIT 1   [ RunTime:0.0002s ]
SQL: SELECT `course_name` FROM `info_course` WHERE ( course_id='1' ) LIMIT 1   [ RunTime:0.0001s ]
SQL: SELECT `school_name` FROM `info_school` WHERE ( school_id='3' ) LIMIT 1   [ RunTime:0.0001s ]
SQL: SELECT `college_name` FROM `info_college` WHERE ( college_id='1' ) LIMIT 1   [ RunTime:0.0002s ]
SQL: SELECT `user_name` FROM `info_user` WHERE ( user_id='2' ) LIMIT 1   [ RunTime:0.0001s ]
SQL: SELECT `teacher_name` FROM `info_teacher` WHERE ( teacher_id='2' ) LIMIT 1   [ RunTime:0.0001s ]
SQL: SELECT `course_name` FROM `info_course` WHERE ( course_id='2' ) LIMIT 1   [ RunTime:0.0001s ]
SQL: SELECT `school_name` FROM `info_school` WHERE ( school_id='3' ) LIMIT 1   [ RunTime:0.0001s ]
SQL: SELECT `college_name` FROM `info_college` WHERE ( college_id='1' ) LIMIT 1   [ RunTime:0.0001s ]
SQL: SHOW COLUMNS FROM `info_school` [ RunTime:0.0022s ]
SQL: SELECT `school_id`,`school_name` FROM `info_school`  [ RunTime:0.0002s ]
INFO: [ view_parse ] --START--
INFO: [ template_filter ] --START--
INFO: Run Behavior\ContentReplaceBehavior [ RunTime:0.000059s ]
INFO: [ template_filter ] --END-- [ RunTime:0.000105s ]
INFO: Run Behavior\ParseTemplateBehavior [ RunTime:0.007210s ]
INFO: [ view_parse ] --END-- [ RunTime:0.007261s ]
INFO: [ view_filter ] --START--
INFO: Run Behavior\WriteHtmlCacheBehavior [ RunTime:0.000201s ]
INFO: [ view_filter ] --END-- [ RunTime:0.000237s ]
INFO: [ app_end ] --START--
INFO: Run Behavior\ShowPageTraceBehavior [ RunTime:0.000575s ]
INFO: [ app_end ] --END-- [ RunTime:0.000641s ]

